ARM GAS  /var/folders/9y/n02fl3g16gnf7ppy14xghdy80000gn/T//ccn6Z0Yf.s 			page 1


   1              		.cpu cortex-m4
   2              		.eabi_attribute 27, 1
   3              		.eabi_attribute 28, 1
   4              		.eabi_attribute 20, 1
   5              		.eabi_attribute 21, 1
   6              		.eabi_attribute 23, 3
   7              		.eabi_attribute 24, 1
   8              		.eabi_attribute 25, 1
   9              		.eabi_attribute 26, 1
  10              		.eabi_attribute 30, 1
  11              		.eabi_attribute 34, 1
  12              		.eabi_attribute 18, 4
  13              		.file	"syscalls.c"
  14              		.text
  15              	.Ltext0:
  16              		.cfi_sections	.debug_frame
  17              		.section	.text.initialise_monitor_handles,"ax",%progbits
  18              		.align	1
  19              		.global	initialise_monitor_handles
  20              		.arch armv7e-m
  21              		.syntax unified
  22              		.thumb
  23              		.thumb_func
  24              		.fpu fpv4-sp-d16
  26              	initialise_monitor_handles:
  27              	.LFB25:
  28              		.file 1 "Core/Src/syscalls.c"
   1:Core/Src/syscalls.c **** /**
   2:Core/Src/syscalls.c ****  ******************************************************************************
   3:Core/Src/syscalls.c ****  * @file      syscalls.c
   4:Core/Src/syscalls.c ****  * @author    Auto-generated by STM32CubeIDE
   5:Core/Src/syscalls.c ****  * @brief     STM32CubeIDE Minimal System calls file
   6:Core/Src/syscalls.c ****  *
   7:Core/Src/syscalls.c ****  *            For more information about which c-functions
   8:Core/Src/syscalls.c ****  *            need which of these lowlevel functions
   9:Core/Src/syscalls.c ****  *            please consult the Newlib libc-manual
  10:Core/Src/syscalls.c ****  ******************************************************************************
  11:Core/Src/syscalls.c ****  * @attention
  12:Core/Src/syscalls.c ****  *
  13:Core/Src/syscalls.c ****  * Copyright (c) 2022 STMicroelectronics.
  14:Core/Src/syscalls.c ****  * All rights reserved.
  15:Core/Src/syscalls.c ****  *
  16:Core/Src/syscalls.c ****  * This software is licensed under terms that can be found in the LICENSE file
  17:Core/Src/syscalls.c ****  * in the root directory of this software component.
  18:Core/Src/syscalls.c ****  * If no LICENSE file comes with this software, it is provided AS-IS.
  19:Core/Src/syscalls.c ****  *
  20:Core/Src/syscalls.c ****  ******************************************************************************
  21:Core/Src/syscalls.c ****  */
  22:Core/Src/syscalls.c **** 
  23:Core/Src/syscalls.c **** /* Includes */
  24:Core/Src/syscalls.c **** #include <sys/stat.h>
  25:Core/Src/syscalls.c **** #include <stdlib.h>
  26:Core/Src/syscalls.c **** #include <errno.h>
  27:Core/Src/syscalls.c **** #include <stdio.h>
  28:Core/Src/syscalls.c **** #include <signal.h>
  29:Core/Src/syscalls.c **** #include <time.h>
  30:Core/Src/syscalls.c **** #include <sys/time.h>
ARM GAS  /var/folders/9y/n02fl3g16gnf7ppy14xghdy80000gn/T//ccn6Z0Yf.s 			page 2


  31:Core/Src/syscalls.c **** #include <sys/times.h>
  32:Core/Src/syscalls.c **** 
  33:Core/Src/syscalls.c **** /* Variables */
  34:Core/Src/syscalls.c **** extern int __io_putchar(int ch) __attribute__((weak));
  35:Core/Src/syscalls.c **** extern int __io_getchar(void) __attribute__((weak));
  36:Core/Src/syscalls.c **** 
  37:Core/Src/syscalls.c **** char *__env[1] = {0};
  38:Core/Src/syscalls.c **** char **environ = __env;
  39:Core/Src/syscalls.c **** 
  40:Core/Src/syscalls.c **** /* Functions */
  41:Core/Src/syscalls.c **** void initialise_monitor_handles()
  42:Core/Src/syscalls.c **** {
  29              		.loc 1 42 1 view -0
  30              		.cfi_startproc
  31              		@ args = 0, pretend = 0, frame = 0
  32              		@ frame_needed = 0, uses_anonymous_args = 0
  33              		@ link register save eliminated.
  43:Core/Src/syscalls.c **** }
  34              		.loc 1 43 1 view .LVU1
  35 0000 7047     		bx	lr
  36              		.cfi_endproc
  37              	.LFE25:
  39              		.section	.text._getpid,"ax",%progbits
  40              		.align	1
  41              		.global	_getpid
  42              		.syntax unified
  43              		.thumb
  44              		.thumb_func
  45              		.fpu fpv4-sp-d16
  47              	_getpid:
  48              	.LFB26:
  44:Core/Src/syscalls.c **** 
  45:Core/Src/syscalls.c **** int _getpid(void)
  46:Core/Src/syscalls.c **** {
  49              		.loc 1 46 1 view -0
  50              		.cfi_startproc
  51              		@ args = 0, pretend = 0, frame = 0
  52              		@ frame_needed = 0, uses_anonymous_args = 0
  53              		@ link register save eliminated.
  47:Core/Src/syscalls.c ****     return 1;
  54              		.loc 1 47 5 view .LVU3
  48:Core/Src/syscalls.c **** }
  55              		.loc 1 48 1 is_stmt 0 view .LVU4
  56 0000 0120     		movs	r0, #1
  57 0002 7047     		bx	lr
  58              		.cfi_endproc
  59              	.LFE26:
  61              		.section	.text._kill,"ax",%progbits
  62              		.align	1
  63              		.global	_kill
  64              		.syntax unified
  65              		.thumb
  66              		.thumb_func
  67              		.fpu fpv4-sp-d16
  69              	_kill:
  70              	.LVL0:
  71              	.LFB27:
ARM GAS  /var/folders/9y/n02fl3g16gnf7ppy14xghdy80000gn/T//ccn6Z0Yf.s 			page 3


  49:Core/Src/syscalls.c **** 
  50:Core/Src/syscalls.c **** int _kill(int pid, int sig)
  51:Core/Src/syscalls.c **** {
  72              		.loc 1 51 1 is_stmt 1 view -0
  73              		.cfi_startproc
  74              		@ args = 0, pretend = 0, frame = 0
  75              		@ frame_needed = 0, uses_anonymous_args = 0
  76              		.loc 1 51 1 is_stmt 0 view .LVU6
  77 0000 08B5     		push	{r3, lr}
  78              		.cfi_def_cfa_offset 8
  79              		.cfi_offset 3, -8
  80              		.cfi_offset 14, -4
  52:Core/Src/syscalls.c ****     errno = EINVAL;
  81              		.loc 1 52 5 is_stmt 1 view .LVU7
  82 0002 FFF7FEFF 		bl	__errno
  83              	.LVL1:
  84              		.loc 1 52 11 is_stmt 0 view .LVU8
  85 0006 1623     		movs	r3, #22
  86 0008 0360     		str	r3, [r0]
  53:Core/Src/syscalls.c ****     return -1;
  87              		.loc 1 53 5 is_stmt 1 view .LVU9
  54:Core/Src/syscalls.c **** }
  88              		.loc 1 54 1 is_stmt 0 view .LVU10
  89 000a 4FF0FF30 		mov	r0, #-1
  90 000e 08BD     		pop	{r3, pc}
  91              		.cfi_endproc
  92              	.LFE27:
  94              		.section	.text._exit,"ax",%progbits
  95              		.align	1
  96              		.global	_exit
  97              		.syntax unified
  98              		.thumb
  99              		.thumb_func
 100              		.fpu fpv4-sp-d16
 102              	_exit:
 103              	.LVL2:
 104              	.LFB28:
  55:Core/Src/syscalls.c **** 
  56:Core/Src/syscalls.c **** void _exit(int status)
  57:Core/Src/syscalls.c **** {
 105              		.loc 1 57 1 is_stmt 1 view -0
 106              		.cfi_startproc
 107              		@ Volatile: function does not return.
 108              		@ args = 0, pretend = 0, frame = 0
 109              		@ frame_needed = 0, uses_anonymous_args = 0
 110              		.loc 1 57 1 is_stmt 0 view .LVU12
 111 0000 08B5     		push	{r3, lr}
 112              		.cfi_def_cfa_offset 8
 113              		.cfi_offset 3, -8
 114              		.cfi_offset 14, -4
  58:Core/Src/syscalls.c ****     _kill(status, -1);
 115              		.loc 1 58 5 is_stmt 1 view .LVU13
 116 0002 4FF0FF31 		mov	r1, #-1
 117 0006 FFF7FEFF 		bl	_kill
 118              	.LVL3:
 119              	.L6:
  59:Core/Src/syscalls.c ****     while (1)
ARM GAS  /var/folders/9y/n02fl3g16gnf7ppy14xghdy80000gn/T//ccn6Z0Yf.s 			page 4


 120              		.loc 1 59 5 discriminator 1 view .LVU14
  60:Core/Src/syscalls.c ****     {
  61:Core/Src/syscalls.c ****     } /* Make sure we hang here */
 121              		.loc 1 61 5 discriminator 1 view .LVU15
  59:Core/Src/syscalls.c ****     while (1)
 122              		.loc 1 59 11 discriminator 1 view .LVU16
 123 000a FEE7     		b	.L6
 124              		.cfi_endproc
 125              	.LFE28:
 127              		.section	.text._read,"ax",%progbits
 128              		.align	1
 129              		.weak	_read
 130              		.syntax unified
 131              		.thumb
 132              		.thumb_func
 133              		.fpu fpv4-sp-d16
 135              	_read:
 136              	.LVL4:
 137              	.LFB29:
  62:Core/Src/syscalls.c **** }
  63:Core/Src/syscalls.c **** 
  64:Core/Src/syscalls.c **** __attribute__((weak)) int _read(int file, char *ptr, int len)
  65:Core/Src/syscalls.c **** {
 138              		.loc 1 65 1 view -0
 139              		.cfi_startproc
 140              		@ args = 0, pretend = 0, frame = 0
 141              		@ frame_needed = 0, uses_anonymous_args = 0
 142              		.loc 1 65 1 is_stmt 0 view .LVU18
 143 0000 70B5     		push	{r4, r5, r6, lr}
 144              		.cfi_def_cfa_offset 16
 145              		.cfi_offset 4, -16
 146              		.cfi_offset 5, -12
 147              		.cfi_offset 6, -8
 148              		.cfi_offset 14, -4
 149 0002 0C46     		mov	r4, r1
 150 0004 1646     		mov	r6, r2
  66:Core/Src/syscalls.c ****     int DataIdx;
 151              		.loc 1 66 5 is_stmt 1 view .LVU19
  67:Core/Src/syscalls.c **** 
  68:Core/Src/syscalls.c ****     for (DataIdx = 0; DataIdx < len; DataIdx++)
 152              		.loc 1 68 5 view .LVU20
 153              	.LVL5:
 154              		.loc 1 68 18 is_stmt 0 view .LVU21
 155 0006 0025     		movs	r5, #0
 156              		.loc 1 68 5 view .LVU22
 157 0008 06E0     		b	.L9
 158              	.LVL6:
 159              	.L10:
  69:Core/Src/syscalls.c ****     {
  70:Core/Src/syscalls.c ****         *ptr++ = __io_getchar();
 160              		.loc 1 70 9 is_stmt 1 discriminator 3 view .LVU23
 161              		.loc 1 70 18 is_stmt 0 discriminator 3 view .LVU24
 162 000a FFF7FEFF 		bl	__io_getchar
 163              	.LVL7:
 164              		.loc 1 70 13 discriminator 3 view .LVU25
 165 000e 2146     		mov	r1, r4
 166              	.LVL8:
ARM GAS  /var/folders/9y/n02fl3g16gnf7ppy14xghdy80000gn/T//ccn6Z0Yf.s 			page 5


 167              		.loc 1 70 16 discriminator 3 view .LVU26
 168 0010 01F8010B 		strb	r0, [r1], #1
 169              	.LVL9:
  68:Core/Src/syscalls.c ****     {
 170              		.loc 1 68 38 is_stmt 1 discriminator 3 view .LVU27
  68:Core/Src/syscalls.c ****     {
 171              		.loc 1 68 45 is_stmt 0 discriminator 3 view .LVU28
 172 0014 0135     		adds	r5, r5, #1
 173              	.LVL10:
 174              		.loc 1 70 13 discriminator 3 view .LVU29
 175 0016 0C46     		mov	r4, r1
 176              	.LVL11:
 177              	.L9:
  68:Core/Src/syscalls.c ****     {
 178              		.loc 1 68 23 is_stmt 1 discriminator 1 view .LVU30
  68:Core/Src/syscalls.c ****     {
 179              		.loc 1 68 5 is_stmt 0 discriminator 1 view .LVU31
 180 0018 B542     		cmp	r5, r6
 181 001a F6DB     		blt	.L10
  71:Core/Src/syscalls.c ****     }
  72:Core/Src/syscalls.c **** 
  73:Core/Src/syscalls.c ****     return len;
 182              		.loc 1 73 5 is_stmt 1 view .LVU32
  74:Core/Src/syscalls.c **** }
 183              		.loc 1 74 1 is_stmt 0 view .LVU33
 184 001c 3046     		mov	r0, r6
 185 001e 70BD     		pop	{r4, r5, r6, pc}
 186              		.loc 1 74 1 view .LVU34
 187              		.cfi_endproc
 188              	.LFE29:
 190              		.section	.text._write,"ax",%progbits
 191              		.align	1
 192              		.weak	_write
 193              		.syntax unified
 194              		.thumb
 195              		.thumb_func
 196              		.fpu fpv4-sp-d16
 198              	_write:
 199              	.LVL12:
 200              	.LFB30:
  75:Core/Src/syscalls.c **** 
  76:Core/Src/syscalls.c **** __attribute__((weak)) int _write(int file, char *ptr, int len)
  77:Core/Src/syscalls.c **** {
 201              		.loc 1 77 1 is_stmt 1 view -0
 202              		.cfi_startproc
 203              		@ args = 0, pretend = 0, frame = 0
 204              		@ frame_needed = 0, uses_anonymous_args = 0
 205              		.loc 1 77 1 is_stmt 0 view .LVU36
 206 0000 70B5     		push	{r4, r5, r6, lr}
 207              		.cfi_def_cfa_offset 16
 208              		.cfi_offset 4, -16
 209              		.cfi_offset 5, -12
 210              		.cfi_offset 6, -8
 211              		.cfi_offset 14, -4
 212 0002 0C46     		mov	r4, r1
 213 0004 1646     		mov	r6, r2
  78:Core/Src/syscalls.c ****     int DataIdx;
ARM GAS  /var/folders/9y/n02fl3g16gnf7ppy14xghdy80000gn/T//ccn6Z0Yf.s 			page 6


 214              		.loc 1 78 5 is_stmt 1 view .LVU37
  79:Core/Src/syscalls.c **** 
  80:Core/Src/syscalls.c ****     for (DataIdx = 0; DataIdx < len; DataIdx++)
 215              		.loc 1 80 5 view .LVU38
 216              	.LVL13:
 217              		.loc 1 80 18 is_stmt 0 view .LVU39
 218 0006 0025     		movs	r5, #0
 219              		.loc 1 80 5 view .LVU40
 220 0008 04E0     		b	.L13
 221              	.LVL14:
 222              	.L14:
  81:Core/Src/syscalls.c ****     {
  82:Core/Src/syscalls.c ****         __io_putchar(*ptr++);
 223              		.loc 1 82 9 is_stmt 1 discriminator 3 view .LVU41
 224              		.loc 1 82 9 is_stmt 0 discriminator 3 view .LVU42
 225 000a 14F8010B 		ldrb	r0, [r4], #1	@ zero_extendqisi2
 226              	.LVL15:
 227              		.loc 1 82 9 discriminator 3 view .LVU43
 228 000e FFF7FEFF 		bl	__io_putchar
 229              	.LVL16:
  80:Core/Src/syscalls.c ****     {
 230              		.loc 1 80 38 is_stmt 1 discriminator 3 view .LVU44
  80:Core/Src/syscalls.c ****     {
 231              		.loc 1 80 45 is_stmt 0 discriminator 3 view .LVU45
 232 0012 0135     		adds	r5, r5, #1
 233              	.LVL17:
 234              	.L13:
  80:Core/Src/syscalls.c ****     {
 235              		.loc 1 80 23 is_stmt 1 discriminator 1 view .LVU46
  80:Core/Src/syscalls.c ****     {
 236              		.loc 1 80 5 is_stmt 0 discriminator 1 view .LVU47
 237 0014 B542     		cmp	r5, r6
 238 0016 F8DB     		blt	.L14
  83:Core/Src/syscalls.c ****     }
  84:Core/Src/syscalls.c ****     return len;
 239              		.loc 1 84 5 is_stmt 1 view .LVU48
  85:Core/Src/syscalls.c **** }
 240              		.loc 1 85 1 is_stmt 0 view .LVU49
 241 0018 3046     		mov	r0, r6
 242 001a 70BD     		pop	{r4, r5, r6, pc}
 243              		.loc 1 85 1 view .LVU50
 244              		.cfi_endproc
 245              	.LFE30:
 247              		.section	.text._close,"ax",%progbits
 248              		.align	1
 249              		.global	_close
 250              		.syntax unified
 251              		.thumb
 252              		.thumb_func
 253              		.fpu fpv4-sp-d16
 255              	_close:
 256              	.LVL18:
 257              	.LFB31:
  86:Core/Src/syscalls.c **** 
  87:Core/Src/syscalls.c **** int _close(int file)
  88:Core/Src/syscalls.c **** {
 258              		.loc 1 88 1 is_stmt 1 view -0
ARM GAS  /var/folders/9y/n02fl3g16gnf7ppy14xghdy80000gn/T//ccn6Z0Yf.s 			page 7


 259              		.cfi_startproc
 260              		@ args = 0, pretend = 0, frame = 0
 261              		@ frame_needed = 0, uses_anonymous_args = 0
 262              		@ link register save eliminated.
  89:Core/Src/syscalls.c ****     return -1;
 263              		.loc 1 89 5 view .LVU52
  90:Core/Src/syscalls.c **** }
 264              		.loc 1 90 1 is_stmt 0 view .LVU53
 265 0000 4FF0FF30 		mov	r0, #-1
 266              	.LVL19:
 267              		.loc 1 90 1 view .LVU54
 268 0004 7047     		bx	lr
 269              		.cfi_endproc
 270              	.LFE31:
 272              		.section	.text._fstat,"ax",%progbits
 273              		.align	1
 274              		.global	_fstat
 275              		.syntax unified
 276              		.thumb
 277              		.thumb_func
 278              		.fpu fpv4-sp-d16
 280              	_fstat:
 281              	.LVL20:
 282              	.LFB32:
  91:Core/Src/syscalls.c **** 
  92:Core/Src/syscalls.c **** int _fstat(int file, struct stat *st)
  93:Core/Src/syscalls.c **** {
 283              		.loc 1 93 1 is_stmt 1 view -0
 284              		.cfi_startproc
 285              		@ args = 0, pretend = 0, frame = 0
 286              		@ frame_needed = 0, uses_anonymous_args = 0
 287              		@ link register save eliminated.
  94:Core/Src/syscalls.c ****     st->st_mode = S_IFCHR;
 288              		.loc 1 94 5 view .LVU56
 289              		.loc 1 94 17 is_stmt 0 view .LVU57
 290 0000 4FF40053 		mov	r3, #8192
 291 0004 4B60     		str	r3, [r1, #4]
  95:Core/Src/syscalls.c ****     return 0;
 292              		.loc 1 95 5 is_stmt 1 view .LVU58
  96:Core/Src/syscalls.c **** }
 293              		.loc 1 96 1 is_stmt 0 view .LVU59
 294 0006 0020     		movs	r0, #0
 295              	.LVL21:
 296              		.loc 1 96 1 view .LVU60
 297 0008 7047     		bx	lr
 298              		.cfi_endproc
 299              	.LFE32:
 301              		.section	.text._isatty,"ax",%progbits
 302              		.align	1
 303              		.global	_isatty
 304              		.syntax unified
 305              		.thumb
 306              		.thumb_func
 307              		.fpu fpv4-sp-d16
 309              	_isatty:
 310              	.LVL22:
 311              	.LFB33:
ARM GAS  /var/folders/9y/n02fl3g16gnf7ppy14xghdy80000gn/T//ccn6Z0Yf.s 			page 8


  97:Core/Src/syscalls.c **** 
  98:Core/Src/syscalls.c **** int _isatty(int file)
  99:Core/Src/syscalls.c **** {
 312              		.loc 1 99 1 is_stmt 1 view -0
 313              		.cfi_startproc
 314              		@ args = 0, pretend = 0, frame = 0
 315              		@ frame_needed = 0, uses_anonymous_args = 0
 316              		@ link register save eliminated.
 100:Core/Src/syscalls.c ****     return 1;
 317              		.loc 1 100 5 view .LVU62
 101:Core/Src/syscalls.c **** }
 318              		.loc 1 101 1 is_stmt 0 view .LVU63
 319 0000 0120     		movs	r0, #1
 320              	.LVL23:
 321              		.loc 1 101 1 view .LVU64
 322 0002 7047     		bx	lr
 323              		.cfi_endproc
 324              	.LFE33:
 326              		.section	.text._lseek,"ax",%progbits
 327              		.align	1
 328              		.global	_lseek
 329              		.syntax unified
 330              		.thumb
 331              		.thumb_func
 332              		.fpu fpv4-sp-d16
 334              	_lseek:
 335              	.LVL24:
 336              	.LFB34:
 102:Core/Src/syscalls.c **** 
 103:Core/Src/syscalls.c **** int _lseek(int file, int ptr, int dir)
 104:Core/Src/syscalls.c **** {
 337              		.loc 1 104 1 is_stmt 1 view -0
 338              		.cfi_startproc
 339              		@ args = 0, pretend = 0, frame = 0
 340              		@ frame_needed = 0, uses_anonymous_args = 0
 341              		@ link register save eliminated.
 105:Core/Src/syscalls.c ****     return 0;
 342              		.loc 1 105 5 view .LVU66
 106:Core/Src/syscalls.c **** }
 343              		.loc 1 106 1 is_stmt 0 view .LVU67
 344 0000 0020     		movs	r0, #0
 345              	.LVL25:
 346              		.loc 1 106 1 view .LVU68
 347 0002 7047     		bx	lr
 348              		.cfi_endproc
 349              	.LFE34:
 351              		.section	.text._open,"ax",%progbits
 352              		.align	1
 353              		.global	_open
 354              		.syntax unified
 355              		.thumb
 356              		.thumb_func
 357              		.fpu fpv4-sp-d16
 359              	_open:
 360              	.LVL26:
 361              	.LFB35:
 107:Core/Src/syscalls.c **** 
ARM GAS  /var/folders/9y/n02fl3g16gnf7ppy14xghdy80000gn/T//ccn6Z0Yf.s 			page 9


 108:Core/Src/syscalls.c **** int _open(char *path, int flags, ...)
 109:Core/Src/syscalls.c **** {
 362              		.loc 1 109 1 is_stmt 1 view -0
 363              		.cfi_startproc
 364              		@ args = 4, pretend = 12, frame = 0
 365              		@ frame_needed = 0, uses_anonymous_args = 1
 366              		@ link register save eliminated.
 367              		.loc 1 109 1 is_stmt 0 view .LVU70
 368 0000 0EB4     		push	{r1, r2, r3}
 369              		.cfi_def_cfa_offset 12
 370              		.cfi_offset 1, -12
 371              		.cfi_offset 2, -8
 372              		.cfi_offset 3, -4
 110:Core/Src/syscalls.c ****     /* Pretend like we always fail */
 111:Core/Src/syscalls.c ****     return -1;
 373              		.loc 1 111 5 is_stmt 1 view .LVU71
 112:Core/Src/syscalls.c **** }
 374              		.loc 1 112 1 is_stmt 0 view .LVU72
 375 0002 4FF0FF30 		mov	r0, #-1
 376              	.LVL27:
 377              		.loc 1 112 1 view .LVU73
 378 0006 03B0     		add	sp, sp, #12
 379              		.cfi_restore 3
 380              		.cfi_restore 2
 381              		.cfi_restore 1
 382              		.cfi_def_cfa_offset 0
 383 0008 7047     		bx	lr
 384              		.cfi_endproc
 385              	.LFE35:
 387              		.section	.text._wait,"ax",%progbits
 388              		.align	1
 389              		.global	_wait
 390              		.syntax unified
 391              		.thumb
 392              		.thumb_func
 393              		.fpu fpv4-sp-d16
 395              	_wait:
 396              	.LVL28:
 397              	.LFB36:
 113:Core/Src/syscalls.c **** 
 114:Core/Src/syscalls.c **** int _wait(int *status)
 115:Core/Src/syscalls.c **** {
 398              		.loc 1 115 1 is_stmt 1 view -0
 399              		.cfi_startproc
 400              		@ args = 0, pretend = 0, frame = 0
 401              		@ frame_needed = 0, uses_anonymous_args = 0
 402              		.loc 1 115 1 is_stmt 0 view .LVU75
 403 0000 08B5     		push	{r3, lr}
 404              		.cfi_def_cfa_offset 8
 405              		.cfi_offset 3, -8
 406              		.cfi_offset 14, -4
 116:Core/Src/syscalls.c ****     errno = ECHILD;
 407              		.loc 1 116 5 is_stmt 1 view .LVU76
 408 0002 FFF7FEFF 		bl	__errno
 409              	.LVL29:
 410              		.loc 1 116 11 is_stmt 0 view .LVU77
 411 0006 0A23     		movs	r3, #10
ARM GAS  /var/folders/9y/n02fl3g16gnf7ppy14xghdy80000gn/T//ccn6Z0Yf.s 			page 10


 412 0008 0360     		str	r3, [r0]
 117:Core/Src/syscalls.c ****     return -1;
 413              		.loc 1 117 5 is_stmt 1 view .LVU78
 118:Core/Src/syscalls.c **** }
 414              		.loc 1 118 1 is_stmt 0 view .LVU79
 415 000a 4FF0FF30 		mov	r0, #-1
 416 000e 08BD     		pop	{r3, pc}
 417              		.cfi_endproc
 418              	.LFE36:
 420              		.section	.text._unlink,"ax",%progbits
 421              		.align	1
 422              		.global	_unlink
 423              		.syntax unified
 424              		.thumb
 425              		.thumb_func
 426              		.fpu fpv4-sp-d16
 428              	_unlink:
 429              	.LVL30:
 430              	.LFB37:
 119:Core/Src/syscalls.c **** 
 120:Core/Src/syscalls.c **** int _unlink(char *name)
 121:Core/Src/syscalls.c **** {
 431              		.loc 1 121 1 is_stmt 1 view -0
 432              		.cfi_startproc
 433              		@ args = 0, pretend = 0, frame = 0
 434              		@ frame_needed = 0, uses_anonymous_args = 0
 435              		.loc 1 121 1 is_stmt 0 view .LVU81
 436 0000 08B5     		push	{r3, lr}
 437              		.cfi_def_cfa_offset 8
 438              		.cfi_offset 3, -8
 439              		.cfi_offset 14, -4
 122:Core/Src/syscalls.c ****     errno = ENOENT;
 440              		.loc 1 122 5 is_stmt 1 view .LVU82
 441 0002 FFF7FEFF 		bl	__errno
 442              	.LVL31:
 443              		.loc 1 122 11 is_stmt 0 view .LVU83
 444 0006 0223     		movs	r3, #2
 445 0008 0360     		str	r3, [r0]
 123:Core/Src/syscalls.c ****     return -1;
 446              		.loc 1 123 5 is_stmt 1 view .LVU84
 124:Core/Src/syscalls.c **** }
 447              		.loc 1 124 1 is_stmt 0 view .LVU85
 448 000a 4FF0FF30 		mov	r0, #-1
 449 000e 08BD     		pop	{r3, pc}
 450              		.cfi_endproc
 451              	.LFE37:
 453              		.section	.text._times,"ax",%progbits
 454              		.align	1
 455              		.global	_times
 456              		.syntax unified
 457              		.thumb
 458              		.thumb_func
 459              		.fpu fpv4-sp-d16
 461              	_times:
 462              	.LVL32:
 463              	.LFB38:
 125:Core/Src/syscalls.c **** 
ARM GAS  /var/folders/9y/n02fl3g16gnf7ppy14xghdy80000gn/T//ccn6Z0Yf.s 			page 11


 126:Core/Src/syscalls.c **** int _times(struct tms *buf)
 127:Core/Src/syscalls.c **** {
 464              		.loc 1 127 1 is_stmt 1 view -0
 465              		.cfi_startproc
 466              		@ args = 0, pretend = 0, frame = 0
 467              		@ frame_needed = 0, uses_anonymous_args = 0
 468              		@ link register save eliminated.
 128:Core/Src/syscalls.c ****     return -1;
 469              		.loc 1 128 5 view .LVU87
 129:Core/Src/syscalls.c **** }
 470              		.loc 1 129 1 is_stmt 0 view .LVU88
 471 0000 4FF0FF30 		mov	r0, #-1
 472              	.LVL33:
 473              		.loc 1 129 1 view .LVU89
 474 0004 7047     		bx	lr
 475              		.cfi_endproc
 476              	.LFE38:
 478              		.section	.text._stat,"ax",%progbits
 479              		.align	1
 480              		.global	_stat
 481              		.syntax unified
 482              		.thumb
 483              		.thumb_func
 484              		.fpu fpv4-sp-d16
 486              	_stat:
 487              	.LVL34:
 488              	.LFB39:
 130:Core/Src/syscalls.c **** 
 131:Core/Src/syscalls.c **** int _stat(char *file, struct stat *st)
 132:Core/Src/syscalls.c **** {
 489              		.loc 1 132 1 is_stmt 1 view -0
 490              		.cfi_startproc
 491              		@ args = 0, pretend = 0, frame = 0
 492              		@ frame_needed = 0, uses_anonymous_args = 0
 493              		@ link register save eliminated.
 133:Core/Src/syscalls.c ****     st->st_mode = S_IFCHR;
 494              		.loc 1 133 5 view .LVU91
 495              		.loc 1 133 17 is_stmt 0 view .LVU92
 496 0000 4FF40053 		mov	r3, #8192
 497 0004 4B60     		str	r3, [r1, #4]
 134:Core/Src/syscalls.c ****     return 0;
 498              		.loc 1 134 5 is_stmt 1 view .LVU93
 135:Core/Src/syscalls.c **** }
 499              		.loc 1 135 1 is_stmt 0 view .LVU94
 500 0006 0020     		movs	r0, #0
 501              	.LVL35:
 502              		.loc 1 135 1 view .LVU95
 503 0008 7047     		bx	lr
 504              		.cfi_endproc
 505              	.LFE39:
 507              		.section	.text._link,"ax",%progbits
 508              		.align	1
 509              		.global	_link
 510              		.syntax unified
 511              		.thumb
 512              		.thumb_func
 513              		.fpu fpv4-sp-d16
ARM GAS  /var/folders/9y/n02fl3g16gnf7ppy14xghdy80000gn/T//ccn6Z0Yf.s 			page 12


 515              	_link:
 516              	.LVL36:
 517              	.LFB40:
 136:Core/Src/syscalls.c **** 
 137:Core/Src/syscalls.c **** int _link(char *old, char *new)
 138:Core/Src/syscalls.c **** {
 518              		.loc 1 138 1 is_stmt 1 view -0
 519              		.cfi_startproc
 520              		@ args = 0, pretend = 0, frame = 0
 521              		@ frame_needed = 0, uses_anonymous_args = 0
 522              		.loc 1 138 1 is_stmt 0 view .LVU97
 523 0000 08B5     		push	{r3, lr}
 524              		.cfi_def_cfa_offset 8
 525              		.cfi_offset 3, -8
 526              		.cfi_offset 14, -4
 139:Core/Src/syscalls.c ****     errno = EMLINK;
 527              		.loc 1 139 5 is_stmt 1 view .LVU98
 528 0002 FFF7FEFF 		bl	__errno
 529              	.LVL37:
 530              		.loc 1 139 11 is_stmt 0 view .LVU99
 531 0006 1F23     		movs	r3, #31
 532 0008 0360     		str	r3, [r0]
 140:Core/Src/syscalls.c ****     return -1;
 533              		.loc 1 140 5 is_stmt 1 view .LVU100
 141:Core/Src/syscalls.c **** }
 534              		.loc 1 141 1 is_stmt 0 view .LVU101
 535 000a 4FF0FF30 		mov	r0, #-1
 536 000e 08BD     		pop	{r3, pc}
 537              		.cfi_endproc
 538              	.LFE40:
 540              		.section	.text._fork,"ax",%progbits
 541              		.align	1
 542              		.global	_fork
 543              		.syntax unified
 544              		.thumb
 545              		.thumb_func
 546              		.fpu fpv4-sp-d16
 548              	_fork:
 549              	.LFB41:
 142:Core/Src/syscalls.c **** 
 143:Core/Src/syscalls.c **** int _fork(void)
 144:Core/Src/syscalls.c **** {
 550              		.loc 1 144 1 is_stmt 1 view -0
 551              		.cfi_startproc
 552              		@ args = 0, pretend = 0, frame = 0
 553              		@ frame_needed = 0, uses_anonymous_args = 0
 554 0000 08B5     		push	{r3, lr}
 555              		.cfi_def_cfa_offset 8
 556              		.cfi_offset 3, -8
 557              		.cfi_offset 14, -4
 145:Core/Src/syscalls.c ****     errno = EAGAIN;
 558              		.loc 1 145 5 view .LVU103
 559 0002 FFF7FEFF 		bl	__errno
 560              	.LVL38:
 561              		.loc 1 145 11 is_stmt 0 view .LVU104
 562 0006 0B23     		movs	r3, #11
 563 0008 0360     		str	r3, [r0]
ARM GAS  /var/folders/9y/n02fl3g16gnf7ppy14xghdy80000gn/T//ccn6Z0Yf.s 			page 13


 146:Core/Src/syscalls.c ****     return -1;
 564              		.loc 1 146 5 is_stmt 1 view .LVU105
 147:Core/Src/syscalls.c **** }
 565              		.loc 1 147 1 is_stmt 0 view .LVU106
 566 000a 4FF0FF30 		mov	r0, #-1
 567 000e 08BD     		pop	{r3, pc}
 568              		.cfi_endproc
 569              	.LFE41:
 571              		.section	.text._execve,"ax",%progbits
 572              		.align	1
 573              		.global	_execve
 574              		.syntax unified
 575              		.thumb
 576              		.thumb_func
 577              		.fpu fpv4-sp-d16
 579              	_execve:
 580              	.LVL39:
 581              	.LFB42:
 148:Core/Src/syscalls.c **** 
 149:Core/Src/syscalls.c **** int _execve(char *name, char **argv, char **env)
 150:Core/Src/syscalls.c **** {
 582              		.loc 1 150 1 is_stmt 1 view -0
 583              		.cfi_startproc
 584              		@ args = 0, pretend = 0, frame = 0
 585              		@ frame_needed = 0, uses_anonymous_args = 0
 586              		.loc 1 150 1 is_stmt 0 view .LVU108
 587 0000 08B5     		push	{r3, lr}
 588              		.cfi_def_cfa_offset 8
 589              		.cfi_offset 3, -8
 590              		.cfi_offset 14, -4
 151:Core/Src/syscalls.c ****     errno = ENOMEM;
 591              		.loc 1 151 5 is_stmt 1 view .LVU109
 592 0002 FFF7FEFF 		bl	__errno
 593              	.LVL40:
 594              		.loc 1 151 11 is_stmt 0 view .LVU110
 595 0006 0C23     		movs	r3, #12
 596 0008 0360     		str	r3, [r0]
 152:Core/Src/syscalls.c ****     return -1;
 597              		.loc 1 152 5 is_stmt 1 view .LVU111
 153:Core/Src/syscalls.c **** }
 598              		.loc 1 153 1 is_stmt 0 view .LVU112
 599 000a 4FF0FF30 		mov	r0, #-1
 600 000e 08BD     		pop	{r3, pc}
 601              		.cfi_endproc
 602              	.LFE42:
 604              		.global	environ
 605              		.global	__env
 606              		.section	.bss.__env,"aw",%nobits
 607              		.align	2
 610              	__env:
 611 0000 00000000 		.space	4
 612              		.section	.data.environ,"aw"
 613              		.align	2
 616              	environ:
 617 0000 00000000 		.word	__env
 618              		.weak	__io_putchar
 619              		.weak	__io_getchar
ARM GAS  /var/folders/9y/n02fl3g16gnf7ppy14xghdy80000gn/T//ccn6Z0Yf.s 			page 14


 620              		.text
 621              	.Letext0:
 622              		.file 2 "/opt/homebrew/Cellar/arm-none-eabi-gcc/10.3-2021.07/gcc/arm-none-eabi/include/machine/_de
 623              		.file 3 "/opt/homebrew/Cellar/arm-none-eabi-gcc/10.3-2021.07/gcc/arm-none-eabi/include/sys/_types.
 624              		.file 4 "/opt/homebrew/Cellar/arm-none-eabi-gcc/10.3-2021.07/gcc/arm-none-eabi/include/sys/_timeva
 625              		.file 5 "/opt/homebrew/Cellar/arm-none-eabi-gcc/10.3-2021.07/gcc/arm-none-eabi/include/sys/_timesp
 626              		.file 6 "/opt/homebrew/Cellar/arm-none-eabi-gcc/10.3-2021.07/gcc/arm-none-eabi/include/sys/types.h
 627              		.file 7 "/opt/homebrew/Cellar/arm-none-eabi-gcc/10.3-2021.07/gcc/arm-none-eabi/include/sys/stat.h"
 628              		.file 8 "/opt/homebrew/Cellar/arm-none-eabi-gcc/10.3-2021.07/gcc/arm-none-eabi/include/sys/times.h
 629              		.file 9 "/opt/homebrew/Cellar/arm-none-eabi-gcc/10.3-2021.07/gcc/arm-none-eabi/include/sys/errno.h
ARM GAS  /var/folders/9y/n02fl3g16gnf7ppy14xghdy80000gn/T//ccn6Z0Yf.s 			page 15


DEFINED SYMBOLS
                            *ABS*:0000000000000000 syscalls.c
/var/folders/9y/n02fl3g16gnf7ppy14xghdy80000gn/T//ccn6Z0Yf.s:18     .text.initialise_monitor_handles:0000000000000000 $t
/var/folders/9y/n02fl3g16gnf7ppy14xghdy80000gn/T//ccn6Z0Yf.s:26     .text.initialise_monitor_handles:0000000000000000 initialise_monitor_handles
/var/folders/9y/n02fl3g16gnf7ppy14xghdy80000gn/T//ccn6Z0Yf.s:40     .text._getpid:0000000000000000 $t
/var/folders/9y/n02fl3g16gnf7ppy14xghdy80000gn/T//ccn6Z0Yf.s:47     .text._getpid:0000000000000000 _getpid
/var/folders/9y/n02fl3g16gnf7ppy14xghdy80000gn/T//ccn6Z0Yf.s:62     .text._kill:0000000000000000 $t
/var/folders/9y/n02fl3g16gnf7ppy14xghdy80000gn/T//ccn6Z0Yf.s:69     .text._kill:0000000000000000 _kill
/var/folders/9y/n02fl3g16gnf7ppy14xghdy80000gn/T//ccn6Z0Yf.s:95     .text._exit:0000000000000000 $t
/var/folders/9y/n02fl3g16gnf7ppy14xghdy80000gn/T//ccn6Z0Yf.s:102    .text._exit:0000000000000000 _exit
/var/folders/9y/n02fl3g16gnf7ppy14xghdy80000gn/T//ccn6Z0Yf.s:128    .text._read:0000000000000000 $t
/var/folders/9y/n02fl3g16gnf7ppy14xghdy80000gn/T//ccn6Z0Yf.s:135    .text._read:0000000000000000 _read
/var/folders/9y/n02fl3g16gnf7ppy14xghdy80000gn/T//ccn6Z0Yf.s:191    .text._write:0000000000000000 $t
/var/folders/9y/n02fl3g16gnf7ppy14xghdy80000gn/T//ccn6Z0Yf.s:198    .text._write:0000000000000000 _write
/var/folders/9y/n02fl3g16gnf7ppy14xghdy80000gn/T//ccn6Z0Yf.s:248    .text._close:0000000000000000 $t
/var/folders/9y/n02fl3g16gnf7ppy14xghdy80000gn/T//ccn6Z0Yf.s:255    .text._close:0000000000000000 _close
/var/folders/9y/n02fl3g16gnf7ppy14xghdy80000gn/T//ccn6Z0Yf.s:273    .text._fstat:0000000000000000 $t
/var/folders/9y/n02fl3g16gnf7ppy14xghdy80000gn/T//ccn6Z0Yf.s:280    .text._fstat:0000000000000000 _fstat
/var/folders/9y/n02fl3g16gnf7ppy14xghdy80000gn/T//ccn6Z0Yf.s:302    .text._isatty:0000000000000000 $t
/var/folders/9y/n02fl3g16gnf7ppy14xghdy80000gn/T//ccn6Z0Yf.s:309    .text._isatty:0000000000000000 _isatty
/var/folders/9y/n02fl3g16gnf7ppy14xghdy80000gn/T//ccn6Z0Yf.s:327    .text._lseek:0000000000000000 $t
/var/folders/9y/n02fl3g16gnf7ppy14xghdy80000gn/T//ccn6Z0Yf.s:334    .text._lseek:0000000000000000 _lseek
/var/folders/9y/n02fl3g16gnf7ppy14xghdy80000gn/T//ccn6Z0Yf.s:352    .text._open:0000000000000000 $t
/var/folders/9y/n02fl3g16gnf7ppy14xghdy80000gn/T//ccn6Z0Yf.s:359    .text._open:0000000000000000 _open
/var/folders/9y/n02fl3g16gnf7ppy14xghdy80000gn/T//ccn6Z0Yf.s:388    .text._wait:0000000000000000 $t
/var/folders/9y/n02fl3g16gnf7ppy14xghdy80000gn/T//ccn6Z0Yf.s:395    .text._wait:0000000000000000 _wait
/var/folders/9y/n02fl3g16gnf7ppy14xghdy80000gn/T//ccn6Z0Yf.s:421    .text._unlink:0000000000000000 $t
/var/folders/9y/n02fl3g16gnf7ppy14xghdy80000gn/T//ccn6Z0Yf.s:428    .text._unlink:0000000000000000 _unlink
/var/folders/9y/n02fl3g16gnf7ppy14xghdy80000gn/T//ccn6Z0Yf.s:454    .text._times:0000000000000000 $t
/var/folders/9y/n02fl3g16gnf7ppy14xghdy80000gn/T//ccn6Z0Yf.s:461    .text._times:0000000000000000 _times
/var/folders/9y/n02fl3g16gnf7ppy14xghdy80000gn/T//ccn6Z0Yf.s:479    .text._stat:0000000000000000 $t
/var/folders/9y/n02fl3g16gnf7ppy14xghdy80000gn/T//ccn6Z0Yf.s:486    .text._stat:0000000000000000 _stat
/var/folders/9y/n02fl3g16gnf7ppy14xghdy80000gn/T//ccn6Z0Yf.s:508    .text._link:0000000000000000 $t
/var/folders/9y/n02fl3g16gnf7ppy14xghdy80000gn/T//ccn6Z0Yf.s:515    .text._link:0000000000000000 _link
/var/folders/9y/n02fl3g16gnf7ppy14xghdy80000gn/T//ccn6Z0Yf.s:541    .text._fork:0000000000000000 $t
/var/folders/9y/n02fl3g16gnf7ppy14xghdy80000gn/T//ccn6Z0Yf.s:548    .text._fork:0000000000000000 _fork
/var/folders/9y/n02fl3g16gnf7ppy14xghdy80000gn/T//ccn6Z0Yf.s:572    .text._execve:0000000000000000 $t
/var/folders/9y/n02fl3g16gnf7ppy14xghdy80000gn/T//ccn6Z0Yf.s:579    .text._execve:0000000000000000 _execve
/var/folders/9y/n02fl3g16gnf7ppy14xghdy80000gn/T//ccn6Z0Yf.s:616    .data.environ:0000000000000000 environ
/var/folders/9y/n02fl3g16gnf7ppy14xghdy80000gn/T//ccn6Z0Yf.s:610    .bss.__env:0000000000000000 __env
/var/folders/9y/n02fl3g16gnf7ppy14xghdy80000gn/T//ccn6Z0Yf.s:607    .bss.__env:0000000000000000 $d
/var/folders/9y/n02fl3g16gnf7ppy14xghdy80000gn/T//ccn6Z0Yf.s:613    .data.environ:0000000000000000 $d

UNDEFINED SYMBOLS
__errno
__io_getchar
__io_putchar
